<?xml version="1.0" encoding="UTF-8"?>
<!-- Generated by org.testng.reporters.JUnitXMLReporter -->
<testsuite hostname="DESKTOP-2KN8RMI" name="Test2" tests="6" failures="0" timestamp="20 Jul 2018 10:30:19 GMT" time="0.036" errors="0">
  <testcase name="bAb1" time="0.002" classname="com.scp.maven.TestNg.BTest"/>
  <testcase name="baab" time="0.002" classname="com.scp.maven.TestNg.BTest"/>
  <testcase name="bab" time="0.004" classname="com.scp.maven.TestNg.BTest"/>
  <testcase name="Abc" time="0.003" classname="com.scp.maven.TestNg.ATest"/>
  <testcase name="ab1" time="0.006" classname="com.scp.maven.TestNg.ATest"/>
  <testcase name="abc1" time="0.002" classname="com.scp.maven.TestNg.ATest"/>
</testsuite> <!-- Test2 -->
