<?xml version="1.0" encoding="UTF-8"?>
<!-- Generated by org.testng.reporters.JUnitXMLReporter -->
<testsuite hostname="DESKTOP-2KN8RMI" name="Test3" tests="4" failures="0" timestamp="20 Jul 2018 10:30:19 GMT" time="0.021" errors="0">
  <testcase name="cAb1" time="0.0" classname="com.scp.maven.TestNg.CTest"/>
  <testcase name="dAb1" time="0.0" classname="com.scp.maven.TestNg.DTest"/>
  <testcase name="dAbd" time="0.0" classname="com.scp.maven.TestNg.DTest"/>
  <testcase name="dadab" time="0.004" classname="com.scp.maven.TestNg.DTest"/>
</testsuite> <!-- Test3 -->
